<?xml version="1.0" encoding="UTF-8"?>
<coverage generated="1775090339264" clover="3.2.0">
  <project timestamp="1775090339264" name="All files">
    <metrics statements="35" coveredstatements="34" conditionals="10" coveredconditionals="9" methods="7" coveredmethods="7" elements="52" coveredelements="50" complexity="0" loc="35" ncloc="35" packages="1" files="1" classes="1"/>
    <file name="ProjectDaoJson.js" path="/Users/fabri/webdev/WebDevProject_Dylan_Fabrizio/model/ProjectDaoJson.js">
      <metrics statements="35" coveredstatements="34" conditionals="10" coveredconditionals="9" methods="7" coveredmethods="7"/>
      <line num="4" count="1" type="stmt"/>
      <line num="5" count="1" type="stmt"/>
      <line num="7" count="1" type="stmt"/>
      <line num="10" count="1" type="stmt"/>
      <line num="13" count="11" type="stmt"/>
      <line num="17" count="11" type="stmt"/>
      <line num="18" count="106" type="cond" truecount="2" falsecount="0"/>
      <line num="20" count="4" type="stmt"/>
      <line num="23" count="1" type="stmt"/>
      <line num="24" count="1" type="stmt"/>
      <line num="27" count="1" type="stmt"/>
      <line num="28" count="3" type="stmt"/>
      <line num="29" count="3" type="cond" truecount="2" falsecount="0"/>
      <line num="30" count="1" type="stmt"/>
      <line num="31" count="2" type="stmt"/>
      <line num="34" count="1" type="stmt"/>
      <line num="35" count="5" type="cond" truecount="1" falsecount="1"/>
      <line num="36" count="0" type="stmt"/>
      <line num="38" count="5" type="stmt"/>
      <line num="40" count="5" type="stmt"/>
      <line num="41" count="5" type="stmt"/>
      <line num="44" count="1" type="stmt"/>
      <line num="45" count="2" type="stmt"/>
      <line num="46" count="2" type="cond" truecount="2" falsecount="0"/>
      <line num="47" count="1" type="stmt"/>
      <line num="48" count="1" type="stmt"/>
      <line num="49" count="1" type="stmt"/>
      <line num="52" count="1" type="stmt"/>
      <line num="53" count="6" type="stmt"/>
      <line num="54" count="6" type="stmt"/>
      <line num="55" count="6" type="cond" truecount="2" falsecount="0"/>
      <line num="56" count="5" type="stmt"/>
      <line num="57" count="5" type="stmt"/>
      <line num="58" count="5" type="stmt"/>
      <line num="60" count="6" type="stmt"/>
    </file>
  </project>
</coverage>
