{"/Users/fabri/webdev/WebDevProject_Dylan_Fabrizio/model/ProjectDaoJson.js": {"path":"/Users/fabri/webdev/WebDevProject_Dylan_Fabrizio/model/ProjectDaoJson.js","statementMap":{"0":{"start":{"line":4,"column":11},"end":{"line":4,"column":24}},"1":{"start":{"line":5,"column":13},"end":{"line":5,"column":28}},"2":{"start":{"line":7,"column":18},"end":{"line":7,"column":55}},"3":{"start":{"line":10,"column":0},"end":{"line":10,"column":69}},"4":{"start":{"line":13,"column":2},"end":{"line":13,"column":84}},"5":{"start":{"line":17,"column":4},"end":{"line":19,"column":5}},"6":{"start":{"line":17,"column":17},"end":{"line":17,"column":18}},"7":{"start":{"line":18,"column":8},"end":{"line":18,"column":60}},"8":{"start":{"line":18,"column":49},"end":{"line":18,"column":58}},"9":{"start":{"line":20,"column":4},"end":{"line":20,"column":14}},"10":{"start":{"line":23,"column":0},"end":{"line":25,"column":2}},"11":{"start":{"line":24,"column":2},"end":{"line":24,"column":29}},"12":{"start":{"line":27,"column":0},"end":{"line":32,"column":2}},"13":{"start":{"line":28,"column":14},"end":{"line":28,"column":21}},"14":{"start":{"line":29,"column":2},"end":{"line":31,"column":3}},"15":{"start":{"line":30,"column":4},"end":{"line":30,"column":38}},"16":{"start":{"line":31,"column":4},"end":{"line":31,"column":16}},"17":{"start":{"line":34,"column":0},"end":{"line":42,"column":2}},"18":{"start":{"line":35,"column":4},"end":{"line":39,"column":5}},"19":{"start":{"line":36,"column":8},"end":{"line":36,"column":24}},"20":{"start":{"line":38,"column":8},"end":{"line":38,"column":82}},"21":{"start":{"line":40,"column":4},"end":{"line":40,"column":38}},"22":{"start":{"line":41,"column":4},"end":{"line":41,"column":11}},"23":{"start":{"line":44,"column":0},"end":{"line":50,"column":2}},"24":{"start":{"line":45,"column":16},"end":{"line":45,"column":32}},"25":{"start":{"line":46,"column":4},"end":{"line":46,"column":35}},"26":{"start":{"line":46,"column":21},"end":{"line":46,"column":33}},"27":{"start":{"line":47,"column":4},"end":{"line":47,"column":41}},"28":{"start":{"line":48,"column":4},"end":{"line":48,"column":11}},"29":{"start":{"line":49,"column":4},"end":{"line":49,"column":38}},"30":{"start":{"line":52,"column":0},"end":{"line":61,"column":2}},"31":{"start":{"line":53,"column":16},"end":{"line":53,"column":23}},"32":{"start":{"line":54,"column":18},"end":{"line":54,"column":22}},"33":{"start":{"line":55,"column":4},"end":{"line":59,"column":5}},"34":{"start":{"line":56,"column":8},"end":{"line":56,"column":45}},"35":{"start":{"line":57,"column":8},"end":{"line":57,"column":45}},"36":{"start":{"line":58,"column":8},"end":{"line":58,"column":15}},"37":{"start":{"line":60,"column":4},"end":{"line":60,"column":19}}},"fnMap":{"0":{"name":"save","decl":{"start":{"line":12,"column":9},"end":{"line":12,"column":13}},"loc":{"start":{"line":12,"column":16},"end":{"line":14,"column":1}},"line":12},"1":{"name":"pos","decl":{"start":{"line":16,"column":9},"end":{"line":16,"column":12}},"loc":{"start":{"line":16,"column":17},"end":{"line":21,"column":1}},"line":16},"2":{"name":"(anonymous_2)","decl":{"start":{"line":23,"column":18},"end":{"line":23,"column":19}},"loc":{"start":{"line":23,"column":30},"end":{"line":25,"column":1}},"line":23},"3":{"name":"(anonymous_3)","decl":{"start":{"line":27,"column":15},"end":{"line":27,"column":16}},"loc":{"start":{"line":27,"column":29},"end":{"line":32,"column":1}},"line":27},"4":{"name":"(anonymous_4)","decl":{"start":{"line":34,"column":17},"end":{"line":34,"column":18}},"loc":{"start":{"line":34,"column":36},"end":{"line":42,"column":1}},"line":34},"5":{"name":"(anonymous_5)","decl":{"start":{"line":44,"column":17},"end":{"line":44,"column":18}},"loc":{"start":{"line":44,"column":36},"end":{"line":50,"column":1}},"line":44},"6":{"name":"(anonymous_6)","decl":{"start":{"line":52,"column":17},"end":{"line":52,"column":18}},"loc":{"start":{"line":52,"column":31},"end":{"line":61,"column":1}},"line":52}},"branchMap":{"0":{"loc":{"start":{"line":18,"column":8},"end":{"line":18,"column":60}},"type":"if","locations":[{"start":{"line":18,"column":8},"end":{"line":18,"column":60}},{"start":{},"end":{}}],"line":18},"1":{"loc":{"start":{"line":29,"column":2},"end":{"line":31,"column":3}},"type":"if","locations":[{"start":{"line":29,"column":2},"end":{"line":31,"column":3}},{"start":{},"end":{}}],"line":29},"2":{"loc":{"start":{"line":35,"column":4},"end":{"line":39,"column":5}},"type":"if","locations":[{"start":{"line":35,"column":4},"end":{"line":39,"column":5}},{"start":{"line":37,"column":11},"end":{"line":39,"column":5}}],"line":35},"3":{"loc":{"start":{"line":46,"column":4},"end":{"line":46,"column":35}},"type":"if","locations":[{"start":{"line":46,"column":4},"end":{"line":46,"column":35}},{"start":{},"end":{}}],"line":46},"4":{"loc":{"start":{"line":55,"column":4},"end":{"line":59,"column":5}},"type":"if","locations":[{"start":{"line":55,"column":4},"end":{"line":59,"column":5}},{"start":{},"end":{}}],"line":55}},"s":{"0":1,"1":1,"2":1,"3":1,"4":11,"5":11,"6":11,"7":106,"8":7,"9":4,"10":1,"11":1,"12":1,"13":3,"14":3,"15":1,"16":2,"17":1,"18":5,"19":0,"20":5,"21":5,"22":5,"23":1,"24":2,"25":2,"26":1,"27":1,"28":1,"29":1,"30":1,"31":6,"32":6,"33":6,"34":5,"35":5,"36":5,"37":6},"f":{"0":11,"1":11,"2":1,"3":3,"4":5,"5":2,"6":6},"b":{"0":[7,99],"1":[1,2],"2":[0,5],"3":[1,1],"4":[5,1]},"_coverageSchema":"1a1c01bbd47fc00a2c39e90264f33305004495a9","hash":"0be07ef061cea9f54a0aaa24d81e267a2a092eda"}
}
