TN:
SF:model/ProjectDaoJson.js
FN:12,save
FN:16,pos
FN:23,(anonymous_2)
FN:27,(anonymous_3)
FN:34,(anonymous_4)
FN:44,(anonymous_5)
FN:52,(anonymous_6)
FNF:7
FNH:7
FNDA:11,save
FNDA:11,pos
FNDA:1,(anonymous_2)
FNDA:3,(anonymous_3)
FNDA:5,(anonymous_4)
FNDA:2,(anonymous_5)
FNDA:6,(anonymous_6)
DA:4,1
DA:5,1
DA:7,1
DA:10,1
DA:13,11
DA:17,11
DA:18,106
DA:20,4
DA:23,1
DA:24,1
DA:27,1
DA:28,3
DA:29,3
DA:30,1
DA:31,2
DA:34,1
DA:35,5
DA:36,0
DA:38,5
DA:40,5
DA:41,5
DA:44,1
DA:45,2
DA:46,2
DA:47,1
DA:48,1
DA:49,1
DA:52,1
DA:53,6
DA:54,6
DA:55,6
DA:56,5
DA:57,5
DA:58,5
DA:60,6
LF:35
LH:34
BRDA:18,0,0,7
BRDA:18,0,1,99
BRDA:29,1,0,1
BRDA:29,1,1,2
BRDA:35,2,0,0
BRDA:35,2,1,5
BRDA:46,3,0,1
BRDA:46,3,1,1
BRDA:55,4,0,5
BRDA:55,4,1,1
BRF:10
BRH:9
end_of_record
